[debug] > Exec(early(addDefaultCommands), None, None)
[debug] > Exec(addDefaultCommands, None, None)
[debug] > Exec(early(initialize), None, None)
[debug] > Exec(initialize, None, None)
[debug] > Exec(boot, None, None)
[debug] > Exec(writeSbtVersion, None, None)
[debug] > Exec(reload, None, None)
[debug] > Exec(sbtStashOnFailure, None, None)
[debug] > Exec(onFailure loadFailed, None, None)
[debug] > Exec(loadp, None, None)
[info] welcome to sbt 1.4.2 (Oracle Corporation Java 1.8.0_251)
[debug]       Load.loadUnit: plugins took 343.7147ms
[debug]       Load.loadUnit: defsScala took 0.508ms
[debug] [Loading] Scanning directory C:\Users\manuel nuñez\.sbt\1.0\plugins
[debug] [Loading] Found non-root projects 
[debug] [Loading] Done in C:\Users\manuel nuñez\.sbt\1.0\plugins, returning: ()
[debug] deducing auto plugins based on known facts Set(Atom(sbt.plugins.CorePlugin)) and clauses Clauses(List(Clause(Atom(sbt.plugins.JvmPlugin),Set(Atom(sbt.plugins.IvyPlugin))), Clause(Atom(sbt.ScriptedPlugin),Set(Atom(sbt.plugins.JvmPlugin))), Clause(Atom(sbt.plugins.SbtPlugin),Set(Atom(sbt.ScriptedPlugin))), Clause(Atom(sbt.plugins.SemanticdbPlugin),Set(Atom(sbt.plugins.JvmPlugin))), Clause(Atom(sbt.plugins.JUnitXmlReportPlugin),Set(Atom(sbt.plugins.JvmPlugin))), Clause(Atom(sbt.plugins.MiniDependencyTreePlugin),Set(Atom(sbt.plugins.JvmPlugin))), Clause(Atom(sbt.plugins.CorePlugin),Set(Atom(sbt.plugins.IvyPlugin))), Clause(Atom(sbt.plugins.IvyPlugin),Set(Atom(sbt.plugins.JvmPlugin))), Clause(Atom(sbt.plugins.JvmPlugin),Set(Atom(sbt.plugins.SemanticdbPlugin))), Clause(Atom(sbt.plugins.JvmPlugin),Set(Atom(sbt.plugins.JUnitXmlReportPlugin))), Clause(Atom(sbt.plugins.CorePlugin),Set(Atom(sbt.plugins.Giter8TemplatePlugin))), Clause(Atom(sbt.plugins.JvmPlugin),Set(Atom(sbt.plugins.MiniDependencyTreePlugin)))))
[debug]   :: deduced result: Matched(sbt.plugins.CorePlugin,sbt.plugins.Giter8TemplatePlugin,sbt.plugins.IvyPlugin,sbt.plugins.JvmPlugin,sbt.plugins.MiniDependencyTreePlugin,sbt.plugins.JUnitXmlReportPlugin,sbt.plugins.SemanticdbPlugin)
[debug] Plugins.deducer#function took 109.0781 ms
[debug]           Load.resolveProject(global-plugins) took 126.2566ms
[debug]         Load.loadTransitive: finalizeProject(Project(id global-plugins, base: C:\Users\manuel nuñez\.sbt\1.0\plugins, plugins: List(<none>))) took 315.0725ms
[debug] [Loading] Done in C:\Users\manuel nuñez\.sbt\1.0\plugins, returning: (global-plugins)
[debug]       Load.loadUnit: loadedProjectsRaw took 446.5875ms
[debug]       Load.loadUnit: cleanEvalClasses took 0.5353ms
[debug]     Load.loadUnit(file:/C:/Users/manuel%20nuñez/.sbt/1.0/plugins/, ...) took 812.4734ms
[debug]   Load.apply: load took 1235.3621ms
[debug]   Load.apply: resolveProjects took 10.8951ms
[debug]   Load.apply: finalTransforms took 181.7901ms
[debug]   Load.apply: config.delegates took 22.5958ms
[debug]   Load.apply: Def.make(settings)... took 2491.8763ms
[debug]   Load.apply: structureIndex took 258.1934ms
[debug]   Load.apply: mkStreams took 4.2078ms
[info] loading global plugins from C:\Users\manuel nuñez\.sbt\1.0\plugins
[debug] Running task... Cancel: Signal, check cycles: false, forcegc: true
[debug] Load.defaultLoad until apply took 14030.2317ms
[debug]           Load.loadUnit: plugins took 58.8451ms
[debug]           Load.loadUnit: defsScala took 0.0044ms
[debug] [Loading] Scanning directory C:\GIT\Project_Travel\project
[debug] [Loading] Found non-root projects 
[debug] [Loading] Done in C:\GIT\Project_Travel\project, returning: ()
[debug] deducing auto plugins based on known facts Set(Atom(sbt.plugins.CorePlugin)) and clauses Clauses(List(Clause(Atom(sbt.plugins.JvmPlugin),Set(Atom(sbt.plugins.IvyPlugin))), Clause(Atom(sbt.ScriptedPlugin),Set(Atom(sbt.plugins.JvmPlugin))), Clause(Atom(sbt.plugins.SbtPlugin),Set(Atom(sbt.ScriptedPlugin))), Clause(Atom(sbt.plugins.SemanticdbPlugin),Set(Atom(sbt.plugins.JvmPlugin))), Clause(Atom(sbt.plugins.JUnitXmlReportPlugin),Set(Atom(sbt.plugins.JvmPlugin))), Clause(Atom(sbt.plugins.MiniDependencyTreePlugin),Set(Atom(sbt.plugins.JvmPlugin))), Clause(Atom(sbt.plugins.CorePlugin),Set(Atom(sbt.plugins.IvyPlugin))), Clause(Atom(sbt.plugins.IvyPlugin),Set(Atom(sbt.plugins.JvmPlugin))), Clause(Atom(sbt.plugins.JvmPlugin),Set(Atom(sbt.plugins.SemanticdbPlugin))), Clause(Atom(sbt.plugins.JvmPlugin),Set(Atom(sbt.plugins.JUnitXmlReportPlugin))), Clause(Atom(sbt.plugins.CorePlugin),Set(Atom(sbt.plugins.Giter8TemplatePlugin))), Clause(Atom(sbt.plugins.JvmPlugin),Set(Atom(sbt.plugins.MiniDependencyTreePlugin)))))
[debug]   :: deduced result: Matched(sbt.plugins.CorePlugin,sbt.plugins.Giter8TemplatePlugin,sbt.plugins.IvyPlugin,sbt.plugins.JvmPlugin,sbt.plugins.MiniDependencyTreePlugin,sbt.plugins.JUnitXmlReportPlugin,sbt.plugins.SemanticdbPlugin)
[debug] Plugins.deducer#function took 2.2366 ms
[debug]               Load.resolveProject(project_travel-build) took 1.7083ms
[debug]             Load.loadTransitive: finalizeProject(Project(id project_travel-build, base: C:\GIT\Project_Travel\project, plugins: List(<none>))) took 4.5701ms
[debug] [Loading] Done in C:\GIT\Project_Travel\project, returning: (project_travel-build)
[debug]           Load.loadUnit: loadedProjectsRaw took 6.9826ms
[debug]           Load.loadUnit: cleanEvalClasses took 0.0085ms
[debug]         Load.loadUnit(file:/C:/GIT/Project_Travel/project/, ...) took 66.8603ms
[debug]       Load.apply: load took 69.0449ms
[debug]       Load.apply: resolveProjects took 0.1172ms
[debug]       Load.apply: finalTransforms took 14.9683ms
[debug]       Load.apply: config.delegates took 2.856ms
[debug]       Load.apply: Def.make(settings)... took 176.3186ms
[debug]       Load.apply: structureIndex took 55.0548ms
[debug]       Load.apply: mkStreams took 0.0026ms
[info] loading project definition from C:\GIT\Project_Travel\project
[debug] Running task... Cancel: Signal, check cycles: false, forcegc: true
[debug]     Load.loadUnit: plugins took 2240.7354ms
[debug]     Load.loadUnit: defsScala took 0.0088ms
[debug] [Loading] Scanning directory C:\GIT\Project_Travel
[debug]       Load.loadUnit: mkEval took 19.5807ms
[debug] [Loading] Found non-root projects 
[debug] [Loading] Done in C:\GIT\Project_Travel, returning: ()
[debug] deducing auto plugins based on known facts Set(Atom(sbt.plugins.CorePlugin)) and clauses Clauses(List(Clause(Atom(sbt.plugins.JvmPlugin),Set(Atom(sbt.plugins.IvyPlugin))), Clause(Atom(sbt.ScriptedPlugin),Set(Atom(sbt.plugins.JvmPlugin))), Clause(Atom(sbt.plugins.SbtPlugin),Set(Atom(sbt.ScriptedPlugin))), Clause(Atom(sbt.plugins.SemanticdbPlugin),Set(Atom(sbt.plugins.JvmPlugin))), Clause(Atom(sbt.plugins.JUnitXmlReportPlugin),Set(Atom(sbt.plugins.JvmPlugin))), Clause(Atom(sbt.plugins.MiniDependencyTreePlugin),Set(Atom(sbt.plugins.JvmPlugin))), Clause(Atom(sbt.plugins.CorePlugin),Set(Atom(sbt.plugins.IvyPlugin))), Clause(Atom(sbt.plugins.IvyPlugin),Set(Atom(sbt.plugins.JvmPlugin))), Clause(Atom(sbt.plugins.JvmPlugin),Set(Atom(sbt.plugins.SemanticdbPlugin))), Clause(Atom(sbt.plugins.JvmPlugin),Set(Atom(sbt.plugins.JUnitXmlReportPlugin))), Clause(Atom(sbt.plugins.CorePlugin),Set(Atom(sbt.plugins.Giter8TemplatePlugin))), Clause(Atom(sbt.plugins.JvmPlugin),Set(Atom(sbt.plugins.MiniDependencyTreePlugin)))))
[debug]   :: deduced result: Matched(sbt.plugins.CorePlugin,sbt.plugins.Giter8TemplatePlugin,sbt.plugins.IvyPlugin,sbt.plugins.JvmPlugin,sbt.plugins.MiniDependencyTreePlugin,sbt.plugins.JUnitXmlReportPlugin,sbt.plugins.SemanticdbPlugin)
[debug] Plugins.deducer#function took 1.8464 ms
[info] loading settings for project project_travel from build.sbt ...
[debug]         Load.resolveProject(project_travel) took 4.6369ms
[debug]       Load.loadTransitive: finalizeProject(Project(id project_travel, base: C:\GIT\Project_Travel, plugins: List(<none>))) took 7.2257ms
[debug] [Loading] Done in C:\GIT\Project_Travel, returning: (project_travel)
[debug]     Load.loadUnit: loadedProjectsRaw took 5222.4379ms
[debug]     Load.loadUnit: cleanEvalClasses took 14.2753ms
[debug]   Load.loadUnit(file:/C:/GIT/Project_Travel/, ...) took 7478.8187ms
[debug] Load.apply: load took 7481.8389ms
[debug] Load.apply: resolveProjects took 0.1077ms
[debug] Load.apply: finalTransforms took 7.9185ms
[debug] Load.apply: config.delegates took 0.5248ms
[debug] Load.apply: Def.make(settings)... took 158.8233ms
[debug] Load.apply: structureIndex took 46.8938ms
[debug] Load.apply: mkStreams took 0.0044ms
[info] set current project to Project_Travel (in build file:/C:/GIT/Project_Travel/)
[debug] > Exec(sbtPopOnFailure, None, None)
[debug] > Exec(resumeFromFailure, None, None)
[debug] > Exec(notifyUsersAboutShell, None, None)
[debug] > Exec(iflast shell, None, None)
[debug] > Exec(shell, None, None)
[info] sbt server started at local:sbt-server-5b24e75e8eaa436508fa
