[debug] > Exec(early(addDefaultCommands), None, None)
[debug] > Exec(addDefaultCommands, None, None)
[debug] > Exec(early(initialize), None, None)
[debug] > Exec(initialize, None, None)
[debug] > Exec(boot, None, None)
[debug] > Exec(writeSbtVersion, None, None)
[debug] > Exec(reload, None, None)
[debug] > Exec(sbtStashOnFailure, None, None)
[debug] > Exec(onFailure loadFailed, None, None)
[debug] > Exec(loadp, None, None)
[info] welcome to sbt 1.4.2 (Oracle Corporation Java 1.8.0_251)
[debug]       Load.loadUnit: plugins took 382.7346ms
[debug]       Load.loadUnit: defsScala took 0.8359ms
[debug] [Loading] Scanning directory C:\Users\manuel nuñez\.sbt\1.0\plugins
[debug] [Loading] Found non-root projects 
[debug] [Loading] Done in C:\Users\manuel nuñez\.sbt\1.0\plugins, returning: ()
[debug] deducing auto plugins based on known facts Set(Atom(sbt.plugins.CorePlugin)) and clauses Clauses(List(Clause(Atom(sbt.plugins.JvmPlugin),Set(Atom(sbt.plugins.IvyPlugin))), Clause(Atom(sbt.ScriptedPlugin),Set(Atom(sbt.plugins.JvmPlugin))), Clause(Atom(sbt.plugins.SbtPlugin),Set(Atom(sbt.ScriptedPlugin))), Clause(Atom(sbt.plugins.SemanticdbPlugin),Set(Atom(sbt.plugins.JvmPlugin))), Clause(Atom(sbt.plugins.JUnitXmlReportPlugin),Set(Atom(sbt.plugins.JvmPlugin))), Clause(Atom(sbt.plugins.MiniDependencyTreePlugin),Set(Atom(sbt.plugins.JvmPlugin))), Clause(Atom(sbt.plugins.CorePlugin),Set(Atom(sbt.plugins.IvyPlugin))), Clause(Atom(sbt.plugins.IvyPlugin),Set(Atom(sbt.plugins.JvmPlugin))), Clause(Atom(sbt.plugins.JvmPlugin),Set(Atom(sbt.plugins.SemanticdbPlugin))), Clause(Atom(sbt.plugins.JvmPlugin),Set(Atom(sbt.plugins.JUnitXmlReportPlugin))), Clause(Atom(sbt.plugins.CorePlugin),Set(Atom(sbt.plugins.Giter8TemplatePlugin))), Clause(Atom(sbt.plugins.JvmPlugin),Set(Atom(sbt.plugins.MiniDependencyTreePlugin)))))
[debug]   :: deduced result: Matched(sbt.plugins.CorePlugin,sbt.plugins.Giter8TemplatePlugin,sbt.plugins.IvyPlugin,sbt.plugins.JvmPlugin,sbt.plugins.MiniDependencyTreePlugin,sbt.plugins.JUnitXmlReportPlugin,sbt.plugins.SemanticdbPlugin)
[debug] Plugins.deducer#function took 59.0701 ms
[debug]           Load.resolveProject(global-plugins) took 129.7939ms
[debug]         Load.loadTransitive: finalizeProject(Project(id global-plugins, base: C:\Users\manuel nuñez\.sbt\1.0\plugins, plugins: List(<none>))) took 251.7204ms
[debug] [Loading] Done in C:\Users\manuel nuñez\.sbt\1.0\plugins, returning: (global-plugins)
[debug]       Load.loadUnit: loadedProjectsRaw took 313.6523ms
[debug]       Load.loadUnit: cleanEvalClasses took 1.3112ms
[debug]     Load.loadUnit(file:/C:/Users/manuel%20nuñez/.sbt/1.0/plugins/, ...) took 720.3066ms
[debug]   Load.apply: load took 1560.5457ms
[debug]   Load.apply: resolveProjects took 19.9051ms
[debug]   Load.apply: finalTransforms took 213.8643ms
[debug]   Load.apply: config.delegates took 21.7905ms
[debug]   Load.apply: Def.make(settings)... took 3236.6253ms
[debug]   Load.apply: structureIndex took 229.8943ms
[debug]   Load.apply: mkStreams took 3.0284ms
[info] loading global plugins from C:\Users\manuel nuñez\.sbt\1.0\plugins
[debug] Running task... Cancel: Signal, check cycles: false, forcegc: true
[debug] Load.defaultLoad until apply took 10588.4959ms
[debug]           Load.loadUnit: plugins took 99.8854ms
[debug]           Load.loadUnit: defsScala took 0.009ms
[debug] [Loading] Scanning directory C:\GIT\Project_Travel\project
[debug] [Loading] Found non-root projects 
[debug] [Loading] Done in C:\GIT\Project_Travel\project, returning: ()
[debug] deducing auto plugins based on known facts Set(Atom(sbt.plugins.CorePlugin)) and clauses Clauses(List(Clause(Atom(sbt.plugins.JvmPlugin),Set(Atom(sbt.plugins.IvyPlugin))), Clause(Atom(sbt.ScriptedPlugin),Set(Atom(sbt.plugins.JvmPlugin))), Clause(Atom(sbt.plugins.SbtPlugin),Set(Atom(sbt.ScriptedPlugin))), Clause(Atom(sbt.plugins.SemanticdbPlugin),Set(Atom(sbt.plugins.JvmPlugin))), Clause(Atom(sbt.plugins.JUnitXmlReportPlugin),Set(Atom(sbt.plugins.JvmPlugin))), Clause(Atom(sbt.plugins.MiniDependencyTreePlugin),Set(Atom(sbt.plugins.JvmPlugin))), Clause(Atom(sbt.plugins.CorePlugin),Set(Atom(sbt.plugins.IvyPlugin))), Clause(Atom(sbt.plugins.IvyPlugin),Set(Atom(sbt.plugins.JvmPlugin))), Clause(Atom(sbt.plugins.JvmPlugin),Set(Atom(sbt.plugins.SemanticdbPlugin))), Clause(Atom(sbt.plugins.JvmPlugin),Set(Atom(sbt.plugins.JUnitXmlReportPlugin))), Clause(Atom(sbt.plugins.CorePlugin),Set(Atom(sbt.plugins.Giter8TemplatePlugin))), Clause(Atom(sbt.plugins.JvmPlugin),Set(Atom(sbt.plugins.MiniDependencyTreePlugin)))))
[debug]   :: deduced result: Matched(sbt.plugins.CorePlugin,sbt.plugins.Giter8TemplatePlugin,sbt.plugins.IvyPlugin,sbt.plugins.JvmPlugin,sbt.plugins.MiniDependencyTreePlugin,sbt.plugins.JUnitXmlReportPlugin,sbt.plugins.SemanticdbPlugin)
[debug] Plugins.deducer#function took 3.3878 ms
[debug]               Load.resolveProject(project_travel-build) took 2.2547ms
[debug]             Load.loadTransitive: finalizeProject(Project(id project_travel-build, base: C:\GIT\Project_Travel\project, plugins: List(<none>))) took 6.5773ms
[debug] [Loading] Done in C:\GIT\Project_Travel\project, returning: (project_travel-build)
[debug]           Load.loadUnit: loadedProjectsRaw took 10.4286ms
[debug]           Load.loadUnit: cleanEvalClasses took 0.0273ms
[debug]         Load.loadUnit(file:/C:/GIT/Project_Travel/project/, ...) took 111.8765ms
[debug]       Load.apply: load took 116.5179ms
[debug]       Load.apply: resolveProjects took 0.2644ms
[debug]       Load.apply: finalTransforms took 14.9986ms
[debug]       Load.apply: config.delegates took 0.6457ms
[debug]       Load.apply: Def.make(settings)... took 115.8715ms
[debug]       Load.apply: structureIndex took 41.1797ms
[debug]       Load.apply: mkStreams took 0.0043ms
[info] loading project definition from C:\GIT\Project_Travel\project
[debug] Running task... Cancel: Signal, check cycles: false, forcegc: true
[debug]     Load.loadUnit: plugins took 864.3996ms
[debug]     Load.loadUnit: defsScala took 0.0063ms
[debug] [Loading] Scanning directory C:\GIT\Project_Travel
[debug]       Load.loadUnit: mkEval took 19.1094ms
[debug] [Loading] Found non-root projects 
[debug] [Loading] Done in C:\GIT\Project_Travel, returning: ()
[debug] deducing auto plugins based on known facts Set(Atom(sbt.plugins.CorePlugin)) and clauses Clauses(List(Clause(Atom(sbt.plugins.JvmPlugin),Set(Atom(sbt.plugins.IvyPlugin))), Clause(Atom(sbt.ScriptedPlugin),Set(Atom(sbt.plugins.JvmPlugin))), Clause(Atom(sbt.plugins.SbtPlugin),Set(Atom(sbt.ScriptedPlugin))), Clause(Atom(sbt.plugins.SemanticdbPlugin),Set(Atom(sbt.plugins.JvmPlugin))), Clause(Atom(sbt.plugins.JUnitXmlReportPlugin),Set(Atom(sbt.plugins.JvmPlugin))), Clause(Atom(sbt.plugins.MiniDependencyTreePlugin),Set(Atom(sbt.plugins.JvmPlugin))), Clause(Atom(sbt.plugins.CorePlugin),Set(Atom(sbt.plugins.IvyPlugin))), Clause(Atom(sbt.plugins.IvyPlugin),Set(Atom(sbt.plugins.JvmPlugin))), Clause(Atom(sbt.plugins.JvmPlugin),Set(Atom(sbt.plugins.SemanticdbPlugin))), Clause(Atom(sbt.plugins.JvmPlugin),Set(Atom(sbt.plugins.JUnitXmlReportPlugin))), Clause(Atom(sbt.plugins.CorePlugin),Set(Atom(sbt.plugins.Giter8TemplatePlugin))), Clause(Atom(sbt.plugins.JvmPlugin),Set(Atom(sbt.plugins.MiniDependencyTreePlugin)))))
[debug]   :: deduced result: Matched(sbt.plugins.CorePlugin,sbt.plugins.Giter8TemplatePlugin,sbt.plugins.IvyPlugin,sbt.plugins.JvmPlugin,sbt.plugins.MiniDependencyTreePlugin,sbt.plugins.JUnitXmlReportPlugin,sbt.plugins.SemanticdbPlugin)
[debug] Plugins.deducer#function took 3.0006 ms
[info] loading settings for project project_travel from build.sbt ...
[debug]         Load.resolveProject(project_travel) took 6.3496ms
[debug]       Load.loadTransitive: finalizeProject(Project(id project_travel, base: C:\GIT\Project_Travel, plugins: List(<none>))) took 10.4661ms
[debug] [Loading] Done in C:\GIT\Project_Travel, returning: (project_travel)
[debug]     Load.loadUnit: loadedProjectsRaw took 323.8008ms
[debug]     Load.loadUnit: cleanEvalClasses took 16.9996ms
[debug]   Load.loadUnit(file:/C:/GIT/Project_Travel/, ...) took 1206.9022ms
[debug] Load.apply: load took 1211.3182ms
[debug] Load.apply: resolveProjects took 0.2452ms
[debug] Load.apply: finalTransforms took 23.3848ms
[debug] Load.apply: config.delegates took 1.7396ms
[debug] Load.apply: Def.make(settings)... took 296.2365ms
[debug] Load.apply: structureIndex took 76.6841ms
[debug] Load.apply: mkStreams took 0.007ms
[info] set current project to Project_Travel (in build file:/C:/GIT/Project_Travel/)
[debug] > Exec(sbtPopOnFailure, None, None)
[debug] > Exec(resumeFromFailure, None, None)
[debug] > Exec(notifyUsersAboutShell, None, None)
[debug] > Exec(iflast shell, None, None)
[debug] > Exec(shell, None, None)
[info] sbt server started at local:sbt-server-5b24e75e8eaa436508fa
